2016-07-12 08:08:09[WARN] user: vagrant
/teacher/lich_trinh_giang_days
N+1 Query detected
  LichTrinhGiangDay => [:lop_mon_hoc]
  Add to your finder: :includes => [:lop_mon_hoc]
N+1 Query method call stack
  /vagrant/data/qlgd-ubuntu/app/serializers/daotao/lich_trinh_giang_day_serializer.rb:32:in `ma_lop'
  /vagrant/data/qlgd-ubuntu/app/controllers/teacher/lich_trinh_giang_days_controller.rb:18:in `home'

/vagrant/data/qlgd-ubuntu/app/serializers/daotao/lich_trinh_giang_day_serializer.rb:32:in `ma_lop'
/vagrant/data/qlgd-ubuntu/app/controllers/teacher/lich_trinh_giang_days_controller.rb:18:in `home'2016-07-12 08:08:09[WARN] user: vagrant
/teacher/lich_trinh_giang_days
N+1 Query detected
  LichTrinhGiangDay => [:giang_vien]
  Add to your finder: :includes => [:giang_vien]
N+1 Query method call stack
  /vagrant/data/qlgd-ubuntu/app/serializers/daotao/lich_trinh_giang_day_serializer.rb:17:in `giang_vien'
  /vagrant/data/qlgd-ubuntu/app/controllers/teacher/lich_trinh_giang_days_controller.rb:18:in `home'

/vagrant/data/qlgd-ubuntu/app/serializers/daotao/lich_trinh_giang_day_serializer.rb:17:in `giang_vien'
/vagrant/data/qlgd-ubuntu/app/controllers/teacher/lich_trinh_giang_days_controller.rb:18:in `home'2016-07-12 08:08:10[WARN] user: vagrant
/teacher/lich_trinh_giang_days/thanhtra
N+1 Query detected
  LichTrinhGiangDay => [:vi_pham]
  Add to your finder: :includes => [:vi_pham]
N+1 Query method call stack
  /vagrant/data/qlgd-ubuntu/app/models/lich_trinh_giang_day.rb:306:in `reported?'
  /vagrant/data/qlgd-ubuntu/app/controllers/teacher/lich_trinh_giang_days_controller.rb:21:in `block in thanhtra'
  /vagrant/data/qlgd-ubuntu/app/controllers/teacher/lich_trinh_giang_days_controller.rb:21:in `select'
  /vagrant/data/qlgd-ubuntu/app/controllers/teacher/lich_trinh_giang_days_controller.rb:21:in `thanhtra'

/vagrant/data/qlgd-ubuntu/app/models/lich_trinh_giang_day.rb:306:in `reported?'
/vagrant/data/qlgd-ubuntu/app/controllers/teacher/lich_trinh_giang_days_controller.rb:21:in `block in thanhtra'
/vagrant/data/qlgd-ubuntu/app/controllers/teacher/lich_trinh_giang_days_controller.rb:21:in `select'
/vagrant/data/qlgd-ubuntu/app/controllers/teacher/lich_trinh_giang_days_controller.rb:21:in `thanhtra'2016-07-12 08:09:37[WARN] user: vagrant
/teacher/lich/6728/attendances.json
Unused Eager Loading detected
  Attendance => [:sinh_vien]
  Remove from your finder: :includes => [:sinh_vien]

2016-07-12 08:09:38[WARN] user: vagrant
/teacher/lop/411/assignments.json
N+1 Query detected
  AssignmentGroup => [:assignments]
  Add to your finder: :includes => [:assignments]
N+1 Query method call stack
  /vagrant/data/qlgd-ubuntu/app/serializers/lop_assignment_group_serializer.rb:11:in `assignments'
  /vagrant/data/qlgd-ubuntu/app/controllers/teacher/assignments_controller.rb:11:in `index'

/vagrant/data/qlgd-ubuntu/app/serializers/lop_assignment_group_serializer.rb:11:in `assignments'
/vagrant/data/qlgd-ubuntu/app/controllers/teacher/assignments_controller.rb:11:in `index'2016-07-12 08:09:42[WARN] user: vagrant
/teacher/lop/411/lich_trinh_giang_days/content
N+1 Query detected
  LichTrinhGiangDay => [:giang_vien]
  Add to your finder: :includes => [:giang_vien]
N+1 Query method call stack
  /vagrant/data/qlgd-ubuntu/app/serializers/lich_trinh_giang_day_serializer.rb:31:in `giang_vien'
  /vagrant/data/qlgd-ubuntu/app/controllers/teacher/lich_trinh_giang_days_controller.rb:271:in `getcontent'

/vagrant/data/qlgd-ubuntu/app/serializers/lich_trinh_giang_day_serializer.rb:31:in `giang_vien'
/vagrant/data/qlgd-ubuntu/app/controllers/teacher/lich_trinh_giang_days_controller.rb:271:in `getcontent'2016-07-12 08:31:07[WARN] user: vagrant
/teacher/lich_trinh_giang_days
N+1 Query detected
  LichTrinhGiangDay => [:lop_mon_hoc]
  Add to your finder: :includes => [:lop_mon_hoc]
N+1 Query method call stack
  /vagrant/data/qlgd-ubuntu/app/serializers/daotao/lich_trinh_giang_day_serializer.rb:32:in `ma_lop'
  /vagrant/data/qlgd-ubuntu/app/controllers/teacher/lich_trinh_giang_days_controller.rb:18:in `home'

/vagrant/data/qlgd-ubuntu/app/serializers/daotao/lich_trinh_giang_day_serializer.rb:32:in `ma_lop'
/vagrant/data/qlgd-ubuntu/app/controllers/teacher/lich_trinh_giang_days_controller.rb:18:in `home'2016-07-12 08:31:07[WARN] user: vagrant
/teacher/lich_trinh_giang_days
N+1 Query detected
  LichTrinhGiangDay => [:giang_vien]
  Add to your finder: :includes => [:giang_vien]
N+1 Query method call stack
  /vagrant/data/qlgd-ubuntu/app/serializers/daotao/lich_trinh_giang_day_serializer.rb:17:in `giang_vien'
  /vagrant/data/qlgd-ubuntu/app/controllers/teacher/lich_trinh_giang_days_controller.rb:18:in `home'

/vagrant/data/qlgd-ubuntu/app/serializers/daotao/lich_trinh_giang_day_serializer.rb:17:in `giang_vien'
/vagrant/data/qlgd-ubuntu/app/controllers/teacher/lich_trinh_giang_days_controller.rb:18:in `home'2016-07-12 08:31:08[WARN] user: vagrant
/teacher/lich_trinh_giang_days/thanhtra
N+1 Query detected
  LichTrinhGiangDay => [:vi_pham]
  Add to your finder: :includes => [:vi_pham]
N+1 Query method call stack
  /vagrant/data/qlgd-ubuntu/app/models/lich_trinh_giang_day.rb:306:in `reported?'
  /vagrant/data/qlgd-ubuntu/app/controllers/teacher/lich_trinh_giang_days_controller.rb:21:in `block in thanhtra'
  /vagrant/data/qlgd-ubuntu/app/controllers/teacher/lich_trinh_giang_days_controller.rb:21:in `select'
  /vagrant/data/qlgd-ubuntu/app/controllers/teacher/lich_trinh_giang_days_controller.rb:21:in `thanhtra'

/vagrant/data/qlgd-ubuntu/app/models/lich_trinh_giang_day.rb:306:in `reported?'
/vagrant/data/qlgd-ubuntu/app/controllers/teacher/lich_trinh_giang_days_controller.rb:21:in `block in thanhtra'
/vagrant/data/qlgd-ubuntu/app/controllers/teacher/lich_trinh_giang_days_controller.rb:21:in `select'
/vagrant/data/qlgd-ubuntu/app/controllers/teacher/lich_trinh_giang_days_controller.rb:21:in `thanhtra'2016-07-12 08:31:38[WARN] user: vagrant
/teacher/lich/9607/attendances.json
Unused Eager Loading detected
  Attendance => [:sinh_vien]
  Remove from your finder: :includes => [:sinh_vien]

2016-07-12 08:31:39[WARN] user: vagrant
/teacher/lop/411/assignments.json
N+1 Query detected
  AssignmentGroup => [:assignments]
  Add to your finder: :includes => [:assignments]
N+1 Query method call stack
  /vagrant/data/qlgd-ubuntu/app/serializers/lop_assignment_group_serializer.rb:11:in `assignments'
  /vagrant/data/qlgd-ubuntu/app/controllers/teacher/assignments_controller.rb:11:in `index'

/vagrant/data/qlgd-ubuntu/app/serializers/lop_assignment_group_serializer.rb:11:in `assignments'
/vagrant/data/qlgd-ubuntu/app/controllers/teacher/assignments_controller.rb:11:in `index'2016-07-12 08:31:42[WARN] user: vagrant
/teacher/lop/411/lich_trinh_giang_days/content
N+1 Query detected
  LichTrinhGiangDay => [:giang_vien]
  Add to your finder: :includes => [:giang_vien]
N+1 Query method call stack
  /vagrant/data/qlgd-ubuntu/app/serializers/lich_trinh_giang_day_serializer.rb:31:in `giang_vien'
  /vagrant/data/qlgd-ubuntu/app/controllers/teacher/lich_trinh_giang_days_controller.rb:271:in `getcontent'

/vagrant/data/qlgd-ubuntu/app/serializers/lich_trinh_giang_day_serializer.rb:31:in `giang_vien'
/vagrant/data/qlgd-ubuntu/app/controllers/teacher/lich_trinh_giang_days_controller.rb:271:in `getcontent'